<?xml version="1.0" encoding="UTF-8"?>
<testng-results skipped="0" failed="0" ignored="0" total="1" passed="1">
  <reporter-output>
  </reporter-output>
  <suite name="Default suite" duration-ms="439" started-at="2020-02-12T20:06:38Z" finished-at="2020-02-12T20:06:38Z">
    <groups>
    </groups>
    <test name="Default test" duration-ms="439" started-at="2020-02-12T20:06:38Z" finished-at="2020-02-12T20:06:38Z">
      <class name="yalo.tests.LoginTest">
        <test-method status="PASS" signature="setUp()[pri:0, instance:yalo.tests.LoginTest@6767c1fc]" name="setUp" is-config="true" duration-ms="8975" started-at="2020-02-12T20:06:29Z" finished-at="2020-02-12T20:06:38Z">
          <reporter-output>
          </reporter-output>
        </test-method> <!-- setUp -->
        <test-method status="PASS" signature="Login_ValidateUserAbleToLogin()[pri:0, instance:yalo.tests.LoginTest@6767c1fc]" name="Login_ValidateUserAbleToLogin" duration-ms="413" started-at="2020-02-12T20:06:38Z" finished-at="2020-02-12T20:06:38Z">
          <reporter-output>
          </reporter-output>
        </test-method> <!-- Login_ValidateUserAbleToLogin -->
        <test-method status="PASS" signature="tearDown()[pri:0, instance:yalo.tests.LoginTest@6767c1fc]" name="tearDown" is-config="true" duration-ms="770" started-at="2020-02-12T20:06:38Z" finished-at="2020-02-12T20:06:39Z">
          <reporter-output>
          </reporter-output>
        </test-method> <!-- tearDown -->
      </class> <!-- yalo.tests.LoginTest -->
    </test> <!-- Default test -->
  </suite> <!-- Default suite -->
</testng-results>
